#! /opt/homebrew/Cellar/icarus-verilog/12.0/bin/vvp
:ivl_version "12.0 (stable)";
:ivl_delay_selection "TYPICAL";
:vpi_time_precision - 12;
:vpi_module "/opt/homebrew/Cellar/icarus-verilog/12.0/lib/ivl/system.vpi";
:vpi_module "/opt/homebrew/Cellar/icarus-verilog/12.0/lib/ivl/vhdl_sys.vpi";
:vpi_module "/opt/homebrew/Cellar/icarus-verilog/12.0/lib/ivl/vhdl_textio.vpi";
:vpi_module "/opt/homebrew/Cellar/icarus-verilog/12.0/lib/ivl/v2005_math.vpi";
:vpi_module "/opt/homebrew/Cellar/icarus-verilog/12.0/lib/ivl/va_math.vpi";
:vpi_module "/opt/homebrew/Cellar/icarus-verilog/12.0/lib/ivl/v2009.vpi";
S_0x14e11d630 .scope package, "$unit" "$unit" 2 1;
 .timescale 0 0;
S_0x14e11ba60 .scope module, "tb_cpu" "tb_cpu" 3 3;
 .timescale -9 -12;
v0x14e13b3c0_0 .var "clk", 0 0;
v0x14e13b450_0 .net "halted", 0 0, L_0x14e13ec70;  1 drivers
v0x14e13b4e0_0 .var "rst_n", 0 0;
S_0x14e118460 .scope module, "dut" "cpu_top" 3 13, 4 1 0, S_0x14e11ba60;
 .timescale -9 -12;
    .port_info 0 /INPUT 1 "clk";
    .port_info 1 /INPUT 1 "rst_n";
    .port_info 2 /OUTPUT 1 "halted";
P_0x14e124570 .param/l "DMEM_DEPTH" 0 4 3, +C4<00000000000000000000000100000000>;
P_0x14e1245b0 .param/l "IMEM_DEPTH" 0 4 2, +C4<00000000000000000000000100000000>;
P_0x14e1245f0 .param/str "IMEM_FILE" 0 4 4, "program.hex";
L_0x14e13c590 .functor AND 1, v0x14e132bf0_0, v0x14e136540_0, C4<1>, C4<1>;
L_0x14e13c9a0 .functor BUFZ 32, v0x14e137a70_0, C4<00000000000000000000000000000000>, C4<00000000000000000000000000000000>, C4<00000000000000000000000000000000>;
L_0x14e13ca50 .functor BUFZ 32, v0x14e137b40_0, C4<00000000000000000000000000000000>, C4<00000000000000000000000000000000>, C4<00000000000000000000000000000000>;
L_0x14e13d570 .functor AND 1, v0x14e136540_0, v0x14e132c90_0, C4<1>, C4<1>;
L_0x14e13d740 .functor AND 1, L_0x14e13d570, L_0x14e13d660, C4<1>, C4<1>;
L_0x14e13dd50 .functor BUFZ 1, v0x14e139980_0, C4<0>, C4<0>, C4<0>;
L_0x14e13e4c0 .functor AND 1, v0x14e136540_0, L_0x14e13e420, C4<1>, C4<1>;
L_0x14e13e5b0 .functor AND 1, L_0x14e13e4c0, v0x14e133020_0, C4<1>, C4<1>;
L_0x14e13e670 .functor AND 1, L_0x14e13e4c0, v0x14e132a20_0, C4<1>, C4<1>;
L_0x14e13e760 .functor AND 1, v0x14e134a90_0, v0x14e134be0_0, C4<1>, C4<1>;
L_0x14e13e970 .functor AND 1, L_0x14e13e760, L_0x14e13e830, C4<1>, C4<1>;
L_0x14e13e9e0 .functor BUFZ 5, v0x14e134980_0, C4<00000>, C4<00000>, C4<00000>;
L_0x14e13eb80 .functor BUFZ 32, v0x14e134b30_0, C4<00000000000000000000000000000000>, C4<00000000000000000000000000000000>, C4<00000000000000000000000000000000>;
L_0x14e13ec70 .functor AND 1, v0x14e134a90_0, v0x14e1348e0_0, C4<1>, C4<1>;
v0x14e138250_0 .net *"_ivl_11", 4 0, L_0x14e13c7c0;  1 drivers
v0x14e138310_0 .net *"_ivl_25", 0 0, L_0x14e13d570;  1 drivers
v0x14e1383b0_0 .net *"_ivl_27", 0 0, L_0x14e13d660;  1 drivers
L_0x150050178 .functor BUFT 1, C4<00000000000000000000000000000100>, C4<0>, C4<0>, C4<0>;
v0x14e138440_0 .net/2u *"_ivl_32", 31 0, L_0x150050178;  1 drivers
v0x14e1384d0_0 .net *"_ivl_34", 31 0, L_0x14e13d8a0;  1 drivers
v0x14e1385c0_0 .net *"_ivl_36", 31 0, L_0x14e13db50;  1 drivers
v0x14e138670_0 .net *"_ivl_38", 29 0, L_0x14e13da30;  1 drivers
L_0x1500501c0 .functor BUFT 1, C4<00>, C4<0>, C4<0>, C4<0>;
v0x14e138720_0 .net *"_ivl_40", 1 0, L_0x1500501c0;  1 drivers
v0x14e1387d0_0 .net *"_ivl_49", 5 0, L_0x14e13dfd0;  1 drivers
v0x14e1388e0_0 .net *"_ivl_5", 5 0, L_0x14e13c600;  1 drivers
L_0x150050208 .functor BUFT 1, C4<000000>, C4<0>, C4<0>, C4<0>;
v0x14e138990_0 .net/2u *"_ivl_50", 5 0, L_0x150050208;  1 drivers
v0x14e138a40_0 .net *"_ivl_52", 0 0, L_0x14e13e070;  1 drivers
v0x14e138ae0_0 .net *"_ivl_55", 4 0, L_0x14e13e1d0;  1 drivers
v0x14e138b90_0 .net *"_ivl_59", 0 0, L_0x14e13e420;  1 drivers
L_0x1500500a0 .functor BUFT 1, C4<000000>, C4<0>, C4<0>, C4<0>;
v0x14e138c30_0 .net/2u *"_ivl_6", 5 0, L_0x1500500a0;  1 drivers
v0x14e138ce0_0 .net *"_ivl_69", 0 0, L_0x14e13e760;  1 drivers
L_0x150050298 .functor BUFT 1, C4<00000>, C4<0>, C4<0>, C4<0>;
v0x14e138d80_0 .net/2u *"_ivl_70", 4 0, L_0x150050298;  1 drivers
v0x14e138f10_0 .net *"_ivl_72", 0 0, L_0x14e13e830;  1 drivers
v0x14e138fa0_0 .net *"_ivl_8", 0 0, L_0x14e13c6a0;  1 drivers
v0x14e139030_0 .net "alu_op", 2 0, v0x14e132570_0;  1 drivers
v0x14e139110_0 .net "alu_y", 31 0, v0x14e131d30_0;  1 drivers
v0x14e1391a0_0 .net "alu_zero", 0 0, L_0x14e13cf60;  1 drivers
v0x14e139230_0 .net "branch_ne", 0 0, v0x14e132630_0;  1 drivers
v0x14e1392c0_0 .net "branch_taken", 0 0, v0x14e139980_0;  1 drivers
v0x14e139350_0 .net "branch_target", 31 0, L_0x14e13dc50;  1 drivers
v0x14e1393e0_0 .net "bubble_ex", 0 0, v0x14e135270_0;  1 drivers
v0x14e139470_0 .net "clk", 0 0, v0x14e13b3c0_0;  1 drivers
v0x14e139580_0 .net "dmem_rdata", 31 0, L_0x14e13d480;  1 drivers
v0x14e139630_0 .net "ex_rd", 4 0, L_0x14e13e270;  1 drivers
v0x14e1396c0_0 .net "ex_result", 31 0, L_0x14e13de80;  1 drivers
v0x14e139750_0 .net "ex_valid", 0 0, L_0x14e13e4c0;  1 drivers
v0x14e139800_0 .net "flush_if", 0 0, L_0x14e13dd50;  1 drivers
v0x14e1398b0_0 .net "fwdA", 0 0, v0x14e135460_0;  1 drivers
v0x14e138e30_0 .net "fwdB", 0 0, v0x14e135500_0;  1 drivers
v0x14e139b40_0 .net "halted", 0 0, L_0x14e13ec70;  alias, 1 drivers
v0x14e139bd0_0 .net "if_id_inst", 31 0, v0x14e136400_0;  1 drivers
v0x14e139ca0_0 .net "if_id_pc", 31 0, v0x14e1364a0_0;  1 drivers
v0x14e139d30_0 .net "if_id_valid", 0 0, v0x14e136540_0;  1 drivers
v0x14e139e00_0 .net "if_inst", 31 0, L_0x14e13b950;  1 drivers
v0x14e139ed0_0 .net "imm32", 31 0, L_0x14e13c4f0;  1 drivers
v0x14e139f60_0 .net "is_branch", 0 0, v0x14e132910_0;  1 drivers
v0x14e139ff0_0 .net "is_halt", 0 0, v0x14e132a20_0;  1 drivers
v0x14e13a080_0 .net "is_imm", 0 0, v0x14e132ab0_0;  1 drivers
v0x14e13a130_0 .net "is_jump", 0 0, v0x14e132b50_0;  1 drivers
v0x14e13a1c0_0 .net "is_lw", 0 0, v0x14e132bf0_0;  1 drivers
v0x14e13a270_0 .net "is_sw", 0 0, v0x14e132c90_0;  1 drivers
v0x14e13a320_0 .net "jump_target", 31 0, v0x14e132d30_0;  1 drivers
v0x14e13a3d0_0 .net "opA", 31 0, L_0x14e13cb00;  1 drivers
v0x14e13a480_0 .net "opA_raw", 31 0, L_0x14e13c9a0;  1 drivers
v0x14e13a510_0 .net "opB", 31 0, L_0x14e13ce00;  1 drivers
v0x14e13a5c0_0 .net "opB_raw", 31 0, L_0x14e13ca50;  1 drivers
v0x14e13a650_0 .var "pc_d", 31 0;
v0x14e13a6e0_0 .var "pc_q", 31 0;
v0x14e13a7b0_0 .net "rd_rtype", 4 0, L_0x14e13bd60;  1 drivers
v0x14e13a850_0 .net "regB", 31 0, L_0x14e13cca0;  1 drivers
v0x14e13a900_0 .net "reg_wen_dec", 0 0, v0x14e133020_0;  1 drivers
v0x14e13a9b0_0 .net "rf_rdata1", 31 0, v0x14e137a70_0;  1 drivers
v0x14e13aa60_0 .net "rf_rdata2", 31 0, v0x14e137b40_0;  1 drivers
v0x14e13ab10_0 .net "rf_waddr", 4 0, L_0x14e13e9e0;  1 drivers
v0x14e13abc0_0 .net "rf_wdata", 31 0, L_0x14e13eb80;  1 drivers
v0x14e13ac70_0 .net "rf_wen", 0 0, L_0x14e13e970;  1 drivers
v0x14e13ad20_0 .net "rs1", 4 0, L_0x14e13baa0;  1 drivers
v0x14e13adb0_0 .net "rs2", 4 0, L_0x14e13bc40;  1 drivers
v0x14e13ae40_0 .net "rst_n", 0 0, v0x14e13b4e0_0;  1 drivers
v0x14e13af10_0 .net "stall_if", 0 0, v0x14e135990_0;  1 drivers
v0x14e139980_0 .var "take_branch", 0 0;
v0x14e139a10_0 .net "uses_rs1", 0 0, v0x14e133200_0;  1 drivers
v0x14e13afa0_0 .net "uses_rs2", 0 0, v0x14e1332a0_0;  1 drivers
v0x14e13b030_0 .net "wb_halt", 0 0, v0x14e1348e0_0;  1 drivers
v0x14e13b0c0_0 .net "wb_rd", 4 0, v0x14e134980_0;  1 drivers
v0x14e13b190_0 .net "wb_valid", 0 0, v0x14e134a90_0;  1 drivers
v0x14e13b260_0 .net "wb_wdata", 31 0, v0x14e134b30_0;  1 drivers
v0x14e13b2f0_0 .net "wb_wen", 0 0, v0x14e134be0_0;  1 drivers
E_0x14e108800/0 .event anyedge, v0x14e1355e0_0, v0x14e132910_0, v0x14e135270_0, v0x14e132630_0;
E_0x14e108800/1 .event anyedge, v0x14e133ed0_0, v0x14e131b10_0;
E_0x14e108800 .event/or E_0x14e108800/0, E_0x14e108800/1;
E_0x14e108400 .event anyedge, v0x14e1392c0_0, v0x14e139350_0, v0x14e1362e0_0;
L_0x14e13c600 .part v0x14e136400_0, 26, 6;
L_0x14e13c6a0 .cmp/eq 6, L_0x14e13c600, L_0x1500500a0;
L_0x14e13c7c0 .part v0x14e136400_0, 16, 5;
L_0x14e13c860 .functor MUXZ 5, L_0x14e13c7c0, L_0x14e13bd60, L_0x14e13c6a0, C4<>;
L_0x14e13cb00 .functor MUXZ 32, L_0x14e13c9a0, v0x14e134b30_0, v0x14e135460_0, C4<>;
L_0x14e13cca0 .functor MUXZ 32, L_0x14e13ca50, v0x14e134b30_0, v0x14e135500_0, C4<>;
L_0x14e13ce00 .functor MUXZ 32, L_0x14e13cca0, L_0x14e13c4f0, v0x14e132ab0_0, C4<>;
L_0x14e13d660 .reduce/nor v0x14e135270_0;
L_0x14e13d8a0 .arith/sum 32, v0x14e1364a0_0, L_0x150050178;
L_0x14e13da30 .part L_0x14e13c4f0, 0, 30;
L_0x14e13db50 .concat [ 2 30 0 0], L_0x1500501c0, L_0x14e13da30;
L_0x14e13dc50 .arith/sum 32, L_0x14e13d8a0, L_0x14e13db50;
L_0x14e13de80 .functor MUXZ 32, v0x14e131d30_0, L_0x14e13d480, v0x14e132bf0_0, C4<>;
L_0x14e13dfd0 .part v0x14e136400_0, 26, 6;
L_0x14e13e070 .cmp/eq 6, L_0x14e13dfd0, L_0x150050208;
L_0x14e13e1d0 .part v0x14e136400_0, 16, 5;
L_0x14e13e270 .functor MUXZ 5, L_0x14e13e1d0, L_0x14e13bd60, L_0x14e13e070, C4<>;
L_0x14e13e420 .reduce/nor v0x14e135270_0;
L_0x14e13e830 .cmp/ne 5, v0x14e134980_0, L_0x150050298;
S_0x14e113330 .scope module, "u_alu" "alu" 4 141, 5 1 0, S_0x14e118460;
 .timescale -9 -12;
    .port_info 0 /INPUT 32 "a";
    .port_info 1 /INPUT 32 "b";
    .port_info 2 /INPUT 3 "op";
    .port_info 3 /OUTPUT 32 "y";
    .port_info 4 /OUTPUT 1 "zero";
P_0x14e107670 .param/l "ALU_ADD" 1 5 13, C4<0>;
P_0x14e1076b0 .param/l "ALU_AND" 1 5 15, C4<0>;
P_0x14e1076f0 .param/l "ALU_OR" 1 5 16, C4<1>;
P_0x14e107730 .param/l "ALU_SUB" 1 5 14, C4<1>;
P_0x14e107770 .param/l "WIDTH" 0 5 2, +C4<00000000000000000000000000100000>;
L_0x1500500e8 .functor BUFT 1, C4<00000000000000000000000000000000>, C4<0>, C4<0>, C4<0>;
v0x14e1081c0_0 .net/2u *"_ivl_0", 31 0, L_0x1500500e8;  1 drivers
v0x14e131b10_0 .net "a", 31 0, L_0x14e13cb00;  alias, 1 drivers
v0x14e131bc0_0 .net "b", 31 0, L_0x14e13ce00;  alias, 1 drivers
v0x14e131c80_0 .net "op", 2 0, v0x14e132570_0;  alias, 1 drivers
v0x14e131d30_0 .var "y", 31 0;
v0x14e131e20_0 .net "zero", 0 0, L_0x14e13cf60;  alias, 1 drivers
E_0x14e108180 .event anyedge, v0x14e131c80_0, v0x14e131b10_0, v0x14e131bc0_0;
L_0x14e13cf60 .cmp/eq 32, v0x14e131d30_0, L_0x1500500e8;
S_0x14e131f40 .scope module, "u_dec" "decoder" 4 65, 6 1 0, S_0x14e118460;
 .timescale -9 -12;
    .port_info 0 /INPUT 32 "inst";
    .port_info 1 /OUTPUT 5 "rs1";
    .port_info 2 /OUTPUT 5 "rs2";
    .port_info 3 /OUTPUT 5 "rd";
    .port_info 4 /OUTPUT 1 "uses_rs1";
    .port_info 5 /OUTPUT 1 "uses_rs2";
    .port_info 6 /OUTPUT 1 "is_imm";
    .port_info 7 /OUTPUT 32 "imm32";
    .port_info 8 /OUTPUT 3 "alu_op";
    .port_info 9 /OUTPUT 1 "reg_wen";
    .port_info 10 /OUTPUT 1 "is_lw";
    .port_info 11 /OUTPUT 1 "is_sw";
    .port_info 12 /OUTPUT 1 "is_branch";
    .port_info 13 /OUTPUT 1 "branch_ne";
    .port_info 14 /OUTPUT 1 "is_jump";
    .port_info 15 /OUTPUT 32 "jump_target";
    .port_info 16 /OUTPUT 1 "is_halt";
v0x14e132370_0 .net *"_ivl_11", 0 0, L_0x14e13bea0;  1 drivers
v0x14e132400_0 .net *"_ivl_12", 15 0, L_0x14e13c040;  1 drivers
v0x14e1324b0_0 .net *"_ivl_15", 15 0, L_0x14e13c1f0;  1 drivers
v0x14e132570_0 .var "alu_op", 2 0;
v0x14e132630_0 .var "branch_ne", 0 0;
v0x14e132700_0 .net "funct", 5 0, L_0x14e13be00;  1 drivers
v0x14e1327b0_0 .net "imm32", 31 0, L_0x14e13c4f0;  alias, 1 drivers
v0x14e132860_0 .net "inst", 31 0, v0x14e136400_0;  alias, 1 drivers
v0x14e132910_0 .var "is_branch", 0 0;
v0x14e132a20_0 .var "is_halt", 0 0;
v0x14e132ab0_0 .var "is_imm", 0 0;
v0x14e132b50_0 .var "is_jump", 0 0;
v0x14e132bf0_0 .var "is_lw", 0 0;
v0x14e132c90_0 .var "is_sw", 0 0;
v0x14e132d30_0 .var "jump_target", 31 0;
v0x14e132de0_0 .net "opcode", 5 0, L_0x14e13ba00;  1 drivers
v0x14e132e90_0 .net "rd", 4 0, L_0x14e13bd60;  alias, 1 drivers
v0x14e133020_0 .var "reg_wen", 0 0;
v0x14e1330b0_0 .net "rs1", 4 0, L_0x14e13baa0;  alias, 1 drivers
v0x14e133150_0 .net "rs2", 4 0, L_0x14e13bc40;  alias, 1 drivers
v0x14e133200_0 .var "uses_rs1", 0 0;
v0x14e1332a0_0 .var "uses_rs2", 0 0;
E_0x14e132330 .event anyedge, v0x14e132de0_0, v0x14e132700_0;
L_0x14e13ba00 .part v0x14e136400_0, 26, 6;
L_0x14e13baa0 .part v0x14e136400_0, 21, 5;
L_0x14e13bc40 .part v0x14e136400_0, 16, 5;
L_0x14e13bd60 .part v0x14e136400_0, 11, 5;
L_0x14e13be00 .part v0x14e136400_0, 0, 6;
L_0x14e13bea0 .part v0x14e136400_0, 15, 1;
LS_0x14e13c040_0_0 .concat [ 1 1 1 1], L_0x14e13bea0, L_0x14e13bea0, L_0x14e13bea0, L_0x14e13bea0;
LS_0x14e13c040_0_4 .concat [ 1 1 1 1], L_0x14e13bea0, L_0x14e13bea0, L_0x14e13bea0, L_0x14e13bea0;
LS_0x14e13c040_0_8 .concat [ 1 1 1 1], L_0x14e13bea0, L_0x14e13bea0, L_0x14e13bea0, L_0x14e13bea0;
LS_0x14e13c040_0_12 .concat [ 1 1 1 1], L_0x14e13bea0, L_0x14e13bea0, L_0x14e13bea0, L_0x14e13bea0;
L_0x14e13c040 .concat [ 4 4 4 4], LS_0x14e13c040_0_0, LS_0x14e13c040_0_4, LS_0x14e13c040_0_8, LS_0x14e13c040_0_12;
L_0x14e13c1f0 .part v0x14e136400_0, 0, 16;
L_0x14e13c4f0 .concat [ 16 16 0 0], L_0x14e13c1f0, L_0x14e13c040;
S_0x14e1334e0 .scope module, "u_dmem" "dmem" 4 152, 7 1 0, S_0x14e118460;
 .timescale -9 -12;
    .port_info 0 /INPUT 1 "clk";
    .port_info 1 /INPUT 1 "we";
    .port_info 2 /INPUT 32 "addr";
    .port_info 3 /INPUT 32 "wdata";
    .port_info 4 /OUTPUT 32 "rdata";
P_0x14e132100 .param/l "DEPTH_WORDS" 0 7 2, +C4<00000000000000000000000100000000>;
L_0x14e13d480 .functor BUFZ 32, L_0x14e13d240, C4<00000000000000000000000000000000>, C4<00000000000000000000000000000000>, C4<00000000000000000000000000000000>;
v0x14e133760_0 .net *"_ivl_1", 29 0, L_0x14e13d080;  1 drivers
v0x14e133810_0 .net *"_ivl_4", 31 0, L_0x14e13d240;  1 drivers
v0x14e1338c0_0 .net *"_ivl_6", 9 0, L_0x14e13d2e0;  1 drivers
L_0x150050130 .functor BUFT 1, C4<00>, C4<0>, C4<0>, C4<0>;
v0x14e133980_0 .net *"_ivl_9", 1 0, L_0x150050130;  1 drivers
v0x14e133a30_0 .net "addr", 31 0, v0x14e131d30_0;  alias, 1 drivers
v0x14e133b10_0 .net "clk", 0 0, v0x14e13b3c0_0;  alias, 1 drivers
v0x14e133ba0_0 .var/i "i", 31 0;
v0x14e133c50_0 .net "idx", 7 0, L_0x14e13d1a0;  1 drivers
v0x14e133d00 .array "mem", 0 255, 31 0;
v0x14e133e20_0 .net "rdata", 31 0, L_0x14e13d480;  alias, 1 drivers
v0x14e133ed0_0 .net "wdata", 31 0, L_0x14e13cca0;  alias, 1 drivers
v0x14e133f80_0 .net "we", 0 0, L_0x14e13d740;  1 drivers
E_0x14e133720 .event posedge, v0x14e133b10_0;
L_0x14e13d080 .part v0x14e131d30_0, 2, 30;
L_0x14e13d1a0 .part L_0x14e13d080, 0, 8;
L_0x14e13d240 .array/port v0x14e133d00, L_0x14e13d2e0;
L_0x14e13d2e0 .concat [ 8 2 0 0], L_0x14e13d1a0, L_0x150050130;
S_0x14e1340a0 .scope module, "u_ex_wb" "ex_wb_reg" 4 188, 8 1 0, S_0x14e118460;
 .timescale -9 -12;
    .port_info 0 /INPUT 1 "clk";
    .port_info 1 /INPUT 1 "rst_n";
    .port_info 2 /INPUT 1 "flush";
    .port_info 3 /INPUT 1 "in_valid";
    .port_info 4 /INPUT 1 "in_wen";
    .port_info 5 /INPUT 5 "in_rd";
    .port_info 6 /INPUT 32 "in_wdata";
    .port_info 7 /INPUT 1 "in_halt";
    .port_info 8 /OUTPUT 1 "out_valid";
    .port_info 9 /OUTPUT 1 "out_wen";
    .port_info 10 /OUTPUT 5 "out_rd";
    .port_info 11 /OUTPUT 32 "out_wdata";
    .port_info 12 /OUTPUT 1 "out_halt";
v0x14e134430_0 .net "clk", 0 0, v0x14e13b3c0_0;  alias, 1 drivers
L_0x150050250 .functor BUFT 1, C4<0>, C4<0>, C4<0>, C4<0>;
v0x14e1344f0_0 .net "flush", 0 0, L_0x150050250;  1 drivers
v0x14e134580_0 .net "in_halt", 0 0, L_0x14e13e670;  1 drivers
v0x14e134610_0 .net "in_rd", 4 0, L_0x14e13e270;  alias, 1 drivers
v0x14e1346b0_0 .net "in_valid", 0 0, L_0x14e13e4c0;  alias, 1 drivers
v0x14e134790_0 .net "in_wdata", 31 0, L_0x14e13de80;  alias, 1 drivers
v0x14e134840_0 .net "in_wen", 0 0, L_0x14e13e5b0;  1 drivers
v0x14e1348e0_0 .var "out_halt", 0 0;
v0x14e134980_0 .var "out_rd", 4 0;
v0x14e134a90_0 .var "out_valid", 0 0;
v0x14e134b30_0 .var "out_wdata", 31 0;
v0x14e134be0_0 .var "out_wen", 0 0;
v0x14e134c80_0 .net "rst_n", 0 0, v0x14e13b4e0_0;  alias, 1 drivers
E_0x14e133ac0/0 .event negedge, v0x14e134c80_0;
E_0x14e133ac0/1 .event posedge, v0x14e133b10_0;
E_0x14e133ac0 .event/or E_0x14e133ac0/0, E_0x14e133ac0/1;
S_0x14e134e60 .scope module, "u_haz" "hazard_unit" 4 104, 9 1 0, S_0x14e118460;
 .timescale -9 -12;
    .port_info 0 /INPUT 1 "if_id_valid";
    .port_info 1 /INPUT 5 "if_rs1";
    .port_info 2 /INPUT 5 "if_rs2";
    .port_info 3 /INPUT 1 "if_uses_rs1";
    .port_info 4 /INPUT 1 "if_uses_rs2";
    .port_info 5 /INPUT 1 "ex_is_lw";
    .port_info 6 /INPUT 5 "ex_rd";
    .port_info 7 /INPUT 1 "wb_valid";
    .port_info 8 /INPUT 1 "wb_wen";
    .port_info 9 /INPUT 5 "wb_rd";
    .port_info 10 /OUTPUT 1 "stall_if";
    .port_info 11 /OUTPUT 1 "bubble_ex";
    .port_info 12 /OUTPUT 1 "fwdA";
    .port_info 13 /OUTPUT 1 "fwdB";
v0x14e135270_0 .var "bubble_ex", 0 0;
v0x14e135320_0 .net "ex_is_lw", 0 0, L_0x14e13c590;  1 drivers
v0x14e1353c0_0 .net "ex_rd", 4 0, L_0x14e13c860;  1 drivers
v0x14e135460_0 .var "fwdA", 0 0;
v0x14e135500_0 .var "fwdB", 0 0;
v0x14e1355e0_0 .net "if_id_valid", 0 0, v0x14e136540_0;  alias, 1 drivers
v0x14e135680_0 .net "if_rs1", 4 0, L_0x14e13baa0;  alias, 1 drivers
v0x14e135720_0 .net "if_rs2", 4 0, L_0x14e13bc40;  alias, 1 drivers
v0x14e1357d0_0 .net "if_uses_rs1", 0 0, v0x14e133200_0;  alias, 1 drivers
v0x14e135900_0 .net "if_uses_rs2", 0 0, v0x14e1332a0_0;  alias, 1 drivers
v0x14e135990_0 .var "stall_if", 0 0;
v0x14e135a20_0 .net "wb_rd", 4 0, v0x14e134980_0;  alias, 1 drivers
v0x14e135ab0_0 .net "wb_valid", 0 0, v0x14e134a90_0;  alias, 1 drivers
v0x14e135b60_0 .net "wb_wen", 0 0, v0x14e134be0_0;  alias, 1 drivers
E_0x14e135170/0 .event anyedge, v0x14e134a90_0, v0x14e134be0_0, v0x14e134980_0, v0x14e1330b0_0;
E_0x14e135170/1 .event anyedge, v0x14e133150_0;
E_0x14e135170 .event/or E_0x14e135170/0, E_0x14e135170/1;
E_0x14e1351f0/0 .event anyedge, v0x14e1355e0_0, v0x14e135320_0, v0x14e1353c0_0, v0x14e133200_0;
E_0x14e1351f0/1 .event anyedge, v0x14e1330b0_0, v0x14e1332a0_0, v0x14e133150_0;
E_0x14e1351f0 .event/or E_0x14e1351f0/0, E_0x14e1351f0/1;
S_0x14e135d20 .scope module, "u_if_id" "if_id_reg" 4 37, 10 1 0, S_0x14e118460;
 .timescale -9 -12;
    .port_info 0 /INPUT 1 "clk";
    .port_info 1 /INPUT 1 "rst_n";
    .port_info 2 /INPUT 1 "stall";
    .port_info 3 /INPUT 1 "flush";
    .port_info 4 /INPUT 32 "in_pc";
    .port_info 5 /INPUT 32 "in_inst";
    .port_info 6 /INPUT 1 "in_valid";
    .port_info 7 /OUTPUT 32 "out_pc";
    .port_info 8 /OUTPUT 32 "out_inst";
    .port_info 9 /OUTPUT 1 "out_valid";
P_0x14e135ee0 .param/l "NOP" 1 10 17, C4<00000000000000000000000000000000>;
v0x14e1360f0_0 .net "clk", 0 0, v0x14e13b3c0_0;  alias, 1 drivers
v0x14e1361c0_0 .net "flush", 0 0, L_0x14e13dd50;  alias, 1 drivers
v0x14e136250_0 .net "in_inst", 31 0, L_0x14e13b950;  alias, 1 drivers
v0x14e1362e0_0 .net "in_pc", 31 0, v0x14e13a6e0_0;  1 drivers
L_0x150050058 .functor BUFT 1, C4<1>, C4<0>, C4<0>, C4<0>;
v0x14e136370_0 .net "in_valid", 0 0, L_0x150050058;  1 drivers
v0x14e136400_0 .var "out_inst", 31 0;
v0x14e1364a0_0 .var "out_pc", 31 0;
v0x14e136540_0 .var "out_valid", 0 0;
v0x14e1365f0_0 .net "rst_n", 0 0, v0x14e13b4e0_0;  alias, 1 drivers
v0x14e136720_0 .net "stall", 0 0, v0x14e135990_0;  alias, 1 drivers
S_0x14e136850 .scope module, "u_imem" "imem" 4 29, 11 1 0, S_0x14e118460;
 .timescale -9 -12;
    .port_info 0 /INPUT 32 "addr";
    .port_info 1 /OUTPUT 32 "inst";
P_0x14e1369c0 .param/l "DEPTH_WORDS" 0 11 3, +C4<00000000000000000000000100000000>;
P_0x14e136a00 .param/str "MEMFILE" 0 11 4, "program.hex";
L_0x14e13b950 .functor BUFZ 32, L_0x14e13b6f0, C4<00000000000000000000000000000000>, C4<00000000000000000000000000000000>, C4<00000000000000000000000000000000>;
v0x14e136bb0_0 .net *"_ivl_1", 29 0, L_0x14e13b570;  1 drivers
v0x14e136c70_0 .net *"_ivl_4", 31 0, L_0x14e13b6f0;  1 drivers
v0x14e136d10_0 .net *"_ivl_6", 9 0, L_0x14e13b7d0;  1 drivers
L_0x150050010 .functor BUFT 1, C4<00>, C4<0>, C4<0>, C4<0>;
v0x14e136da0_0 .net *"_ivl_9", 1 0, L_0x150050010;  1 drivers
v0x14e136e30_0 .net "addr", 31 0, v0x14e13a6e0_0;  alias, 1 drivers
v0x14e136f00_0 .var/i "i", 31 0;
v0x14e136f90_0 .net "idx", 7 0, L_0x14e13b610;  1 drivers
v0x14e137040_0 .net "inst", 31 0, L_0x14e13b950;  alias, 1 drivers
v0x14e137100 .array "mem", 255 0, 31 0;
L_0x14e13b570 .part v0x14e13a6e0_0, 2, 30;
L_0x14e13b610 .part L_0x14e13b570, 0, 8;
L_0x14e13b6f0 .array/port v0x14e137100, L_0x14e13b7d0;
L_0x14e13b7d0 .concat [ 8 2 0 0], L_0x14e13b610, L_0x150050010;
S_0x14e137240 .scope module, "u_rf" "regfile" 4 85, 12 1 0, S_0x14e118460;
 .timescale -9 -12;
    .port_info 0 /INPUT 1 "clk";
    .port_info 1 /INPUT 1 "wen";
    .port_info 2 /INPUT 5 "waddr";
    .port_info 3 /INPUT 32 "wdata";
    .port_info 4 /INPUT 5 "raddr1";
    .port_info 5 /INPUT 5 "raddr2";
    .port_info 6 /OUTPUT 32 "rdata1";
    .port_info 7 /OUTPUT 32 "rdata2";
P_0x14e137400 .param/l "NREGS" 0 12 3, +C4<00000000000000000000000000100000>;
P_0x14e137440 .param/l "WIDTH" 0 12 2, +C4<00000000000000000000000000100000>;
v0x14e1377d0_0 .net "clk", 0 0, v0x14e13b3c0_0;  alias, 1 drivers
v0x14e137870_0 .var/i "i", 31 0;
v0x14e137910_0 .net "raddr1", 4 0, L_0x14e13baa0;  alias, 1 drivers
v0x14e1379a0_0 .net "raddr2", 4 0, L_0x14e13bc40;  alias, 1 drivers
v0x14e137a70_0 .var "rdata1", 31 0;
v0x14e137b40_0 .var "rdata2", 31 0;
v0x14e137bd0 .array "regs", 0 31, 31 0;
v0x14e137f70_0 .net "waddr", 4 0, L_0x14e13e9e0;  alias, 1 drivers
v0x14e138020_0 .net "wdata", 31 0, L_0x14e13eb80;  alias, 1 drivers
v0x14e138130_0 .net "wen", 0 0, L_0x14e13e970;  alias, 1 drivers
v0x14e137bd0_0 .array/port v0x14e137bd0, 0;
v0x14e137bd0_1 .array/port v0x14e137bd0, 1;
v0x14e137bd0_2 .array/port v0x14e137bd0, 2;
E_0x14e137680/0 .event anyedge, v0x14e1330b0_0, v0x14e137bd0_0, v0x14e137bd0_1, v0x14e137bd0_2;
v0x14e137bd0_3 .array/port v0x14e137bd0, 3;
v0x14e137bd0_4 .array/port v0x14e137bd0, 4;
v0x14e137bd0_5 .array/port v0x14e137bd0, 5;
v0x14e137bd0_6 .array/port v0x14e137bd0, 6;
E_0x14e137680/1 .event anyedge, v0x14e137bd0_3, v0x14e137bd0_4, v0x14e137bd0_5, v0x14e137bd0_6;
v0x14e137bd0_7 .array/port v0x14e137bd0, 7;
v0x14e137bd0_8 .array/port v0x14e137bd0, 8;
v0x14e137bd0_9 .array/port v0x14e137bd0, 9;
v0x14e137bd0_10 .array/port v0x14e137bd0, 10;
E_0x14e137680/2 .event anyedge, v0x14e137bd0_7, v0x14e137bd0_8, v0x14e137bd0_9, v0x14e137bd0_10;
v0x14e137bd0_11 .array/port v0x14e137bd0, 11;
v0x14e137bd0_12 .array/port v0x14e137bd0, 12;
v0x14e137bd0_13 .array/port v0x14e137bd0, 13;
v0x14e137bd0_14 .array/port v0x14e137bd0, 14;
E_0x14e137680/3 .event anyedge, v0x14e137bd0_11, v0x14e137bd0_12, v0x14e137bd0_13, v0x14e137bd0_14;
v0x14e137bd0_15 .array/port v0x14e137bd0, 15;
v0x14e137bd0_16 .array/port v0x14e137bd0, 16;
v0x14e137bd0_17 .array/port v0x14e137bd0, 17;
v0x14e137bd0_18 .array/port v0x14e137bd0, 18;
E_0x14e137680/4 .event anyedge, v0x14e137bd0_15, v0x14e137bd0_16, v0x14e137bd0_17, v0x14e137bd0_18;
v0x14e137bd0_19 .array/port v0x14e137bd0, 19;
v0x14e137bd0_20 .array/port v0x14e137bd0, 20;
v0x14e137bd0_21 .array/port v0x14e137bd0, 21;
v0x14e137bd0_22 .array/port v0x14e137bd0, 22;
E_0x14e137680/5 .event anyedge, v0x14e137bd0_19, v0x14e137bd0_20, v0x14e137bd0_21, v0x14e137bd0_22;
v0x14e137bd0_23 .array/port v0x14e137bd0, 23;
v0x14e137bd0_24 .array/port v0x14e137bd0, 24;
v0x14e137bd0_25 .array/port v0x14e137bd0, 25;
v0x14e137bd0_26 .array/port v0x14e137bd0, 26;
E_0x14e137680/6 .event anyedge, v0x14e137bd0_23, v0x14e137bd0_24, v0x14e137bd0_25, v0x14e137bd0_26;
v0x14e137bd0_27 .array/port v0x14e137bd0, 27;
v0x14e137bd0_28 .array/port v0x14e137bd0, 28;
v0x14e137bd0_29 .array/port v0x14e137bd0, 29;
v0x14e137bd0_30 .array/port v0x14e137bd0, 30;
E_0x14e137680/7 .event anyedge, v0x14e137bd0_27, v0x14e137bd0_28, v0x14e137bd0_29, v0x14e137bd0_30;
v0x14e137bd0_31 .array/port v0x14e137bd0, 31;
E_0x14e137680/8 .event anyedge, v0x14e137bd0_31, v0x14e133150_0;
E_0x14e137680 .event/or E_0x14e137680/0, E_0x14e137680/1, E_0x14e137680/2, E_0x14e137680/3, E_0x14e137680/4, E_0x14e137680/5, E_0x14e137680/6, E_0x14e137680/7, E_0x14e137680/8;
    .scope S_0x14e136850;
T_0 ;
    %pushi/vec4 0, 0, 32;
    %store/vec4 v0x14e136f00_0, 0, 32;
T_0.0 ;
    %load/vec4 v0x14e136f00_0;
    %cmpi/s 256, 0, 32;
    %jmp/0xz T_0.1, 5;
    %pushi/vec4 0, 0, 32;
    %ix/getv/s 4, v0x14e136f00_0;
    %store/vec4a v0x14e137100, 4, 0;
    %load/vec4 v0x14e136f00_0;
    %addi 1, 0, 32;
    %store/vec4 v0x14e136f00_0, 0, 32;
    %jmp T_0.0;
T_0.1 ;
    %vpi_call/w 11 22 "$readmemh", P_0x14e136a00, v0x14e137100 {0 0 0};
    %end;
    .thread T_0;
    .scope S_0x14e135d20;
T_1 ;
    %wait E_0x14e133ac0;
    %load/vec4 v0x14e1365f0_0;
    %nor/r;
    %flag_set/vec4 8;
    %jmp/0xz  T_1.0, 8;
    %pushi/vec4 0, 0, 32;
    %assign/vec4 v0x14e1364a0_0, 0;
    %pushi/vec4 0, 0, 32;
    %assign/vec4 v0x14e136400_0, 0;
    %pushi/vec4 0, 0, 1;
    %assign/vec4 v0x14e136540_0, 0;
    %jmp T_1.1;
T_1.0 ;
    %load/vec4 v0x14e1361c0_0;
    %flag_set/vec4 8;
    %jmp/0xz  T_1.2, 8;
    %pushi/vec4 0, 0, 32;
    %assign/vec4 v0x14e1364a0_0, 0;
    %pushi/vec4 0, 0, 32;
    %assign/vec4 v0x14e136400_0, 0;
    %pushi/vec4 0, 0, 1;
    %assign/vec4 v0x14e136540_0, 0;
    %jmp T_1.3;
T_1.2 ;
    %load/vec4 v0x14e136720_0;
    %nor/r;
    %flag_set/vec4 8;
    %jmp/0xz  T_1.4, 8;
    %load/vec4 v0x14e1362e0_0;
    %assign/vec4 v0x14e1364a0_0, 0;
    %load/vec4 v0x14e136250_0;
    %assign/vec4 v0x14e136400_0, 0;
    %load/vec4 v0x14e136370_0;
    %assign/vec4 v0x14e136540_0, 0;
T_1.4 ;
T_1.3 ;
T_1.1 ;
    %jmp T_1;
    .thread T_1;
    .scope S_0x14e131f40;
T_2 ;
Ewait_0 .event/or E_0x14e132330, E_0x0;
    %wait Ewait_0;
    %pushi/vec4 0, 0, 1;
    %store/vec4 v0x14e133200_0, 0, 1;
    %pushi/vec4 0, 0, 1;
    %store/vec4 v0x14e1332a0_0, 0, 1;
    %pushi/vec4 0, 0, 1;
    %store/vec4 v0x14e132ab0_0, 0, 1;
    %pushi/vec4 0, 0, 3;
    %store/vec4 v0x14e132570_0, 0, 3;
    %pushi/vec4 0, 0, 1;
    %store/vec4 v0x14e133020_0, 0, 1;
    %pushi/vec4 0, 0, 1;
    %store/vec4 v0x14e132bf0_0, 0, 1;
    %pushi/vec4 0, 0, 1;
    %store/vec4 v0x14e132c90_0, 0, 1;
    %pushi/vec4 0, 0, 1;
    %store/vec4 v0x14e132910_0, 0, 1;
    %pushi/vec4 0, 0, 1;
    %store/vec4 v0x14e132630_0, 0, 1;
    %pushi/vec4 0, 0, 1;
    %store/vec4 v0x14e132b50_0, 0, 1;
    %pushi/vec4 0, 0, 32;
    %store/vec4 v0x14e132d30_0, 0, 32;
    %pushi/vec4 0, 0, 1;
    %store/vec4 v0x14e132a20_0, 0, 1;
    %load/vec4 v0x14e132de0_0;
    %dup/vec4;
    %pushi/vec4 0, 0, 6;
    %cmp/u;
    %jmp/1 T_2.0, 6;
    %dup/vec4;
    %pushi/vec4 8, 0, 6;
    %cmp/u;
    %jmp/1 T_2.1, 6;
    %dup/vec4;
    %pushi/vec4 35, 0, 6;
    %cmp/u;
    %jmp/1 T_2.2, 6;
    %dup/vec4;
    %pushi/vec4 43, 0, 6;
    %cmp/u;
    %jmp/1 T_2.3, 6;
    %dup/vec4;
    %pushi/vec4 4, 0, 6;
    %cmp/u;
    %jmp/1 T_2.4, 6;
    %dup/vec4;
    %pushi/vec4 5, 0, 6;
    %cmp/u;
    %jmp/1 T_2.5, 6;
    %dup/vec4;
    %pushi/vec4 63, 0, 6;
    %cmp/u;
    %jmp/1 T_2.6, 6;
    %jmp T_2.8;
T_2.0 ;
    %pushi/vec4 1, 0, 1;
    %store/vec4 v0x14e133200_0, 0, 1;
    %pushi/vec4 1, 0, 1;
    %store/vec4 v0x14e1332a0_0, 0, 1;
    %pushi/vec4 1, 0, 1;
    %store/vec4 v0x14e133020_0, 0, 1;
    %load/vec4 v0x14e132700_0;
    %dup/vec4;
    %pushi/vec4 32, 0, 6;
    %cmp/u;
    %jmp/1 T_2.9, 6;
    %dup/vec4;
    %pushi/vec4 34, 0, 6;
    %cmp/u;
    %jmp/1 T_2.10, 6;
    %dup/vec4;
    %pushi/vec4 36, 0, 6;
    %cmp/u;
    %jmp/1 T_2.11, 6;
    %dup/vec4;
    %pushi/vec4 37, 0, 6;
    %cmp/u;
    %jmp/1 T_2.12, 6;
    %pushi/vec4 0, 0, 1;
    %store/vec4 v0x14e133020_0, 0, 1;
    %jmp T_2.14;
T_2.9 ;
    %pushi/vec4 0, 0, 3;
    %store/vec4 v0x14e132570_0, 0, 3;
    %jmp T_2.14;
T_2.10 ;
    %pushi/vec4 1, 0, 3;
    %store/vec4 v0x14e132570_0, 0, 3;
    %jmp T_2.14;
T_2.11 ;
    %pushi/vec4 2, 0, 3;
    %store/vec4 v0x14e132570_0, 0, 3;
    %jmp T_2.14;
T_2.12 ;
    %pushi/vec4 3, 0, 3;
    %store/vec4 v0x14e132570_0, 0, 3;
    %jmp T_2.14;
T_2.14 ;
    %pop/vec4 1;
    %jmp T_2.8;
T_2.1 ;
    %pushi/vec4 1, 0, 1;
    %store/vec4 v0x14e133200_0, 0, 1;
    %pushi/vec4 0, 0, 1;
    %store/vec4 v0x14e1332a0_0, 0, 1;
    %pushi/vec4 1, 0, 1;
    %store/vec4 v0x14e132ab0_0, 0, 1;
    %pushi/vec4 0, 0, 3;
    %store/vec4 v0x14e132570_0, 0, 3;
    %pushi/vec4 1, 0, 1;
    %store/vec4 v0x14e133020_0, 0, 1;
    %jmp T_2.8;
T_2.2 ;
    %pushi/vec4 1, 0, 1;
    %store/vec4 v0x14e133200_0, 0, 1;
    %pushi/vec4 0, 0, 1;
    %store/vec4 v0x14e1332a0_0, 0, 1;
    %pushi/vec4 1, 0, 1;
    %store/vec4 v0x14e132ab0_0, 0, 1;
    %pushi/vec4 0, 0, 3;
    %store/vec4 v0x14e132570_0, 0, 3;
    %pushi/vec4 1, 0, 1;
    %store/vec4 v0x14e133020_0, 0, 1;
    %pushi/vec4 1, 0, 1;
    %store/vec4 v0x14e132bf0_0, 0, 1;
    %jmp T_2.8;
T_2.3 ;
    %pushi/vec4 1, 0, 1;
    %store/vec4 v0x14e133200_0, 0, 1;
    %pushi/vec4 1, 0, 1;
    %store/vec4 v0x14e1332a0_0, 0, 1;
    %pushi/vec4 1, 0, 1;
    %store/vec4 v0x14e132ab0_0, 0, 1;
    %pushi/vec4 0, 0, 3;
    %store/vec4 v0x14e132570_0, 0, 3;
    %pushi/vec4 1, 0, 1;
    %store/vec4 v0x14e132c90_0, 0, 1;
    %pushi/vec4 0, 0, 1;
    %store/vec4 v0x14e133020_0, 0, 1;
    %jmp T_2.8;
T_2.4 ;
    %pushi/vec4 1, 0, 1;
    %store/vec4 v0x14e133200_0, 0, 1;
    %pushi/vec4 1, 0, 1;
    %store/vec4 v0x14e1332a0_0, 0, 1;
    %pushi/vec4 1, 0, 1;
    %store/vec4 v0x14e132910_0, 0, 1;
    %pushi/vec4 0, 0, 1;
    %store/vec4 v0x14e132630_0, 0, 1;
    %jmp T_2.8;
T_2.5 ;
    %pushi/vec4 1, 0, 1;
    %store/vec4 v0x14e133200_0, 0, 1;
    %pushi/vec4 1, 0, 1;
    %store/vec4 v0x14e1332a0_0, 0, 1;
    %pushi/vec4 1, 0, 1;
    %store/vec4 v0x14e132910_0, 0, 1;
    %pushi/vec4 1, 0, 1;
    %store/vec4 v0x14e132630_0, 0, 1;
    %jmp T_2.8;
T_2.6 ;
    %pushi/vec4 1, 0, 1;
    %store/vec4 v0x14e132a20_0, 0, 1;
    %jmp T_2.8;
T_2.8 ;
    %pop/vec4 1;
    %jmp T_2;
    .thread T_2, $push;
    .scope S_0x14e137240;
T_3 ;
    %pushi/vec4 0, 0, 32;
    %store/vec4 v0x14e137870_0, 0, 32;
T_3.0 ;
    %load/vec4 v0x14e137870_0;
    %cmpi/s 32, 0, 32;
    %jmp/0xz T_3.1, 5;
    %pushi/vec4 0, 0, 32;
    %ix/getv/s 4, v0x14e137870_0;
    %store/vec4a v0x14e137bd0, 4, 0;
    %load/vec4 v0x14e137870_0;
    %addi 1, 0, 32;
    %store/vec4 v0x14e137870_0, 0, 32;
    %jmp T_3.0;
T_3.1 ;
    %end;
    .thread T_3;
    .scope S_0x14e137240;
T_4 ;
Ewait_1 .event/or E_0x14e137680, E_0x0;
    %wait Ewait_1;
    %load/vec4 v0x14e137910_0;
    %cmpi/e 0, 0, 5;
    %flag_mov 8, 4;
    %jmp/0 T_4.0, 8;
    %pushi/vec4 0, 0, 32;
    %jmp/1 T_4.1, 8;
T_4.0 ; End of true expr.
    %load/vec4 v0x14e137910_0;
    %pad/u 7;
    %ix/vec4 4;
    %load/vec4a v0x14e137bd0, 4;
    %jmp/0 T_4.1, 8;
 ; End of false expr.
    %blend;
T_4.1;
    %store/vec4 v0x14e137a70_0, 0, 32;
    %load/vec4 v0x14e1379a0_0;
    %cmpi/e 0, 0, 5;
    %flag_mov 8, 4;
    %jmp/0 T_4.2, 8;
    %pushi/vec4 0, 0, 32;
    %jmp/1 T_4.3, 8;
T_4.2 ; End of true expr.
    %load/vec4 v0x14e1379a0_0;
    %pad/u 7;
    %ix/vec4 4;
    %load/vec4a v0x14e137bd0, 4;
    %jmp/0 T_4.3, 8;
 ; End of false expr.
    %blend;
T_4.3;
    %store/vec4 v0x14e137b40_0, 0, 32;
    %jmp T_4;
    .thread T_4, $push;
    .scope S_0x14e137240;
T_5 ;
    %wait E_0x14e133720;
    %load/vec4 v0x14e138130_0;
    %flag_set/vec4 9;
    %flag_get/vec4 9;
    %jmp/0 T_5.2, 9;
    %load/vec4 v0x14e137f70_0;
    %pushi/vec4 0, 0, 5;
    %cmp/ne;
    %flag_get/vec4 4;
    %and;
T_5.2;
    %flag_set/vec4 8;
    %jmp/0xz  T_5.0, 8;
    %load/vec4 v0x14e138020_0;
    %load/vec4 v0x14e137f70_0;
    %pad/u 7;
    %ix/vec4 3;
    %ix/load 4, 0, 0; Constant delay
    %assign/vec4/a/d v0x14e137bd0, 0, 4;
T_5.0 ;
    %jmp T_5;
    .thread T_5;
    .scope S_0x14e134e60;
T_6 ;
    %wait E_0x14e1351f0;
    %pushi/vec4 0, 0, 1;
    %store/vec4 v0x14e135990_0, 0, 1;
    %pushi/vec4 0, 0, 1;
    %store/vec4 v0x14e135270_0, 0, 1;
    %load/vec4 v0x14e1355e0_0;
    %flag_set/vec4 10;
    %flag_get/vec4 10;
    %jmp/0 T_6.3, 10;
    %load/vec4 v0x14e135320_0;
    %and;
T_6.3;
    %flag_set/vec4 9;
    %flag_get/vec4 9;
    %jmp/0 T_6.2, 9;
    %load/vec4 v0x14e1353c0_0;
    %pushi/vec4 0, 0, 5;
    %cmp/ne;
    %flag_get/vec4 4;
    %and;
T_6.2;
    %flag_set/vec4 8;
    %jmp/0xz  T_6.0, 8;
    %load/vec4 v0x14e1357d0_0;
    %flag_set/vec4 9;
    %flag_get/vec4 9;
    %jmp/0 T_6.7, 9;
    %load/vec4 v0x14e135680_0;
    %load/vec4 v0x14e1353c0_0;
    %cmp/e;
    %flag_get/vec4 4;
    %and;
T_6.7;
    %flag_set/vec4 8;
    %jmp/1 T_6.6, 8;
    %load/vec4 v0x14e135900_0;
    %flag_set/vec4 10;
    %flag_get/vec4 10;
    %jmp/0 T_6.8, 10;
    %load/vec4 v0x14e135720_0;
    %load/vec4 v0x14e1353c0_0;
    %cmp/e;
    %flag_get/vec4 4;
    %and;
T_6.8;
    %flag_set/vec4 9;
    %flag_or 8, 9;
T_6.6;
    %jmp/0xz  T_6.4, 8;
    %pushi/vec4 1, 0, 1;
    %store/vec4 v0x14e135990_0, 0, 1;
    %pushi/vec4 1, 0, 1;
    %store/vec4 v0x14e135270_0, 0, 1;
T_6.4 ;
T_6.0 ;
    %jmp T_6;
    .thread T_6, $push;
    .scope S_0x14e134e60;
T_7 ;
    %wait E_0x14e135170;
    %pushi/vec4 0, 0, 1;
    %store/vec4 v0x14e135460_0, 0, 1;
    %pushi/vec4 0, 0, 1;
    %store/vec4 v0x14e135500_0, 0, 1;
    %load/vec4 v0x14e135ab0_0;
    %flag_set/vec4 11;
    %flag_get/vec4 11;
    %jmp/0 T_7.4, 11;
    %load/vec4 v0x14e135b60_0;
    %and;
T_7.4;
    %flag_set/vec4 10;
    %flag_get/vec4 10;
    %jmp/0 T_7.3, 10;
    %load/vec4 v0x14e135a20_0;
    %pushi/vec4 0, 0, 5;
    %cmp/ne;
    %flag_get/vec4 4;
    %and;
T_7.3;
    %flag_set/vec4 9;
    %flag_get/vec4 9;
    %jmp/0 T_7.2, 9;
    %load/vec4 v0x14e135a20_0;
    %load/vec4 v0x14e135680_0;
    %cmp/e;
    %flag_get/vec4 4;
    %and;
T_7.2;
    %flag_set/vec4 8;
    %jmp/0xz  T_7.0, 8;
    %pushi/vec4 1, 0, 1;
    %store/vec4 v0x14e135460_0, 0, 1;
T_7.0 ;
    %load/vec4 v0x14e135ab0_0;
    %flag_set/vec4 11;
    %flag_get/vec4 11;
    %jmp/0 T_7.9, 11;
    %load/vec4 v0x14e135b60_0;
    %and;
T_7.9;
    %flag_set/vec4 10;
    %flag_get/vec4 10;
    %jmp/0 T_7.8, 10;
    %load/vec4 v0x14e135a20_0;
    %pushi/vec4 0, 0, 5;
    %cmp/ne;
    %flag_get/vec4 4;
    %and;
T_7.8;
    %flag_set/vec4 9;
    %flag_get/vec4 9;
    %jmp/0 T_7.7, 9;
    %load/vec4 v0x14e135a20_0;
    %load/vec4 v0x14e135720_0;
    %cmp/e;
    %flag_get/vec4 4;
    %and;
T_7.7;
    %flag_set/vec4 8;
    %jmp/0xz  T_7.5, 8;
    %pushi/vec4 1, 0, 1;
    %store/vec4 v0x14e135500_0, 0, 1;
T_7.5 ;
    %jmp T_7;
    .thread T_7, $push;
    .scope S_0x14e113330;
T_8 ;
Ewait_2 .event/or E_0x14e108180, E_0x0;
    %wait Ewait_2;
    %load/vec4 v0x14e131c80_0;
    %dup/vec4;
    %pushi/vec4 0, 0, 3;
    %cmp/u;
    %jmp/1 T_8.0, 6;
    %dup/vec4;
    %pushi/vec4 1, 0, 3;
    %cmp/u;
    %jmp/1 T_8.1, 6;
    %dup/vec4;
    %pushi/vec4 0, 0, 3;
    %cmp/u;
    %jmp/1 T_8.2, 6;
    %dup/vec4;
    %pushi/vec4 1, 0, 3;
    %cmp/u;
    %jmp/1 T_8.3, 6;
    %pushi/vec4 0, 0, 32;
    %store/vec4 v0x14e131d30_0, 0, 32;
    %jmp T_8.5;
T_8.0 ;
    %load/vec4 v0x14e131b10_0;
    %load/vec4 v0x14e131bc0_0;
    %add;
    %store/vec4 v0x14e131d30_0, 0, 32;
    %jmp T_8.5;
T_8.1 ;
    %load/vec4 v0x14e131b10_0;
    %load/vec4 v0x14e131bc0_0;
    %sub;
    %store/vec4 v0x14e131d30_0, 0, 32;
    %jmp T_8.5;
T_8.2 ;
    %load/vec4 v0x14e131b10_0;
    %load/vec4 v0x14e131bc0_0;
    %and;
    %store/vec4 v0x14e131d30_0, 0, 32;
    %jmp T_8.5;
T_8.3 ;
    %load/vec4 v0x14e131b10_0;
    %load/vec4 v0x14e131bc0_0;
    %or;
    %store/vec4 v0x14e131d30_0, 0, 32;
    %jmp T_8.5;
T_8.5 ;
    %pop/vec4 1;
    %jmp T_8;
    .thread T_8, $push;
    .scope S_0x14e1334e0;
T_9 ;
    %pushi/vec4 0, 0, 32;
    %store/vec4 v0x14e133ba0_0, 0, 32;
T_9.0 ;
    %load/vec4 v0x14e133ba0_0;
    %cmpi/s 256, 0, 32;
    %jmp/0xz T_9.1, 5;
    %pushi/vec4 0, 0, 32;
    %ix/getv/s 4, v0x14e133ba0_0;
    %store/vec4a v0x14e133d00, 4, 0;
    %load/vec4 v0x14e133ba0_0;
    %addi 1, 0, 32;
    %store/vec4 v0x14e133ba0_0, 0, 32;
    %jmp T_9.0;
T_9.1 ;
    %pushi/vec4 6, 0, 32;
    %ix/load 4, 0, 0;
    %flag_set/imm 4, 0;
    %store/vec4a v0x14e133d00, 4, 0;
    %end;
    .thread T_9;
    .scope S_0x14e1334e0;
T_10 ;
    %wait E_0x14e133720;
    %load/vec4 v0x14e133f80_0;
    %flag_set/vec4 8;
    %jmp/0xz  T_10.0, 8;
    %load/vec4 v0x14e133ed0_0;
    %load/vec4 v0x14e133c50_0;
    %pad/u 10;
    %ix/vec4 3;
    %ix/load 4, 0, 0; Constant delay
    %assign/vec4/a/d v0x14e133d00, 0, 4;
T_10.0 ;
    %jmp T_10;
    .thread T_10;
    .scope S_0x14e1340a0;
T_11 ;
    %wait E_0x14e133ac0;
    %load/vec4 v0x14e134c80_0;
    %nor/r;
    %flag_set/vec4 8;
    %jmp/0xz  T_11.0, 8;
    %pushi/vec4 0, 0, 1;
    %assign/vec4 v0x14e134a90_0, 0;
    %pushi/vec4 0, 0, 1;
    %assign/vec4 v0x14e134be0_0, 0;
    %pushi/vec4 0, 0, 5;
    %assign/vec4 v0x14e134980_0, 0;
    %pushi/vec4 0, 0, 32;
    %assign/vec4 v0x14e134b30_0, 0;
    %pushi/vec4 0, 0, 1;
    %assign/vec4 v0x14e1348e0_0, 0;
    %jmp T_11.1;
T_11.0 ;
    %load/vec4 v0x14e1344f0_0;
    %flag_set/vec4 8;
    %jmp/0xz  T_11.2, 8;
    %pushi/vec4 0, 0, 1;
    %assign/vec4 v0x14e134a90_0, 0;
    %pushi/vec4 0, 0, 1;
    %assign/vec4 v0x14e134be0_0, 0;
    %pushi/vec4 0, 0, 5;
    %assign/vec4 v0x14e134980_0, 0;
    %pushi/vec4 0, 0, 32;
    %assign/vec4 v0x14e134b30_0, 0;
    %pushi/vec4 0, 0, 1;
    %assign/vec4 v0x14e1348e0_0, 0;
    %jmp T_11.3;
T_11.2 ;
    %load/vec4 v0x14e1346b0_0;
    %assign/vec4 v0x14e134a90_0, 0;
    %load/vec4 v0x14e134840_0;
    %assign/vec4 v0x14e134be0_0, 0;
    %load/vec4 v0x14e134610_0;
    %assign/vec4 v0x14e134980_0, 0;
    %load/vec4 v0x14e134790_0;
    %assign/vec4 v0x14e134b30_0, 0;
    %load/vec4 v0x14e134580_0;
    %assign/vec4 v0x14e1348e0_0, 0;
T_11.3 ;
T_11.1 ;
    %jmp T_11;
    .thread T_11;
    .scope S_0x14e118460;
T_12 ;
    %wait E_0x14e133ac0;
    %load/vec4 v0x14e13ae40_0;
    %nor/r;
    %flag_set/vec4 8;
    %jmp/0xz  T_12.0, 8;
    %pushi/vec4 0, 0, 32;
    %assign/vec4 v0x14e13a6e0_0, 0;
    %jmp T_12.1;
T_12.0 ;
    %load/vec4 v0x14e13af10_0;
    %nor/r;
    %flag_set/vec4 8;
    %jmp/0xz  T_12.2, 8;
    %load/vec4 v0x14e13a650_0;
    %assign/vec4 v0x14e13a6e0_0, 0;
T_12.2 ;
T_12.1 ;
    %jmp T_12;
    .thread T_12;
    .scope S_0x14e118460;
T_13 ;
Ewait_3 .event/or E_0x14e108400, E_0x0;
    %wait Ewait_3;
    %load/vec4 v0x14e1392c0_0;
    %flag_set/vec4 8;
    %jmp/0xz  T_13.0, 8;
    %load/vec4 v0x14e139350_0;
    %store/vec4 v0x14e13a650_0, 0, 32;
    %jmp T_13.1;
T_13.0 ;
    %load/vec4 v0x14e13a6e0_0;
    %addi 4, 0, 32;
    %store/vec4 v0x14e13a650_0, 0, 32;
T_13.1 ;
    %jmp T_13;
    .thread T_13, $push;
    .scope S_0x14e118460;
T_14 ;
Ewait_4 .event/or E_0x14e108800, E_0x0;
    %wait Ewait_4;
    %pushi/vec4 0, 0, 1;
    %store/vec4 v0x14e139980_0, 0, 1;
    %load/vec4 v0x14e139d30_0;
    %flag_set/vec4 10;
    %flag_get/vec4 10;
    %jmp/0 T_14.3, 10;
    %load/vec4 v0x14e139f60_0;
    %and;
T_14.3;
    %flag_set/vec4 9;
    %flag_get/vec4 9;
    %jmp/0 T_14.2, 9;
    %load/vec4 v0x14e1393e0_0;
    %nor/r;
    %and;
T_14.2;
    %flag_set/vec4 8;
    %jmp/0xz  T_14.0, 8;
    %load/vec4 v0x14e139230_0;
    %nor/r;
    %flag_set/vec4 8;
    %jmp/0xz  T_14.4, 8;
    %load/vec4 v0x14e13a850_0;
    %load/vec4 v0x14e13a3d0_0;
    %cmp/e;
    %flag_get/vec4 4;
    %store/vec4 v0x14e139980_0, 0, 1;
    %jmp T_14.5;
T_14.4 ;
    %load/vec4 v0x14e13a850_0;
    %load/vec4 v0x14e13a3d0_0;
    %cmp/ne;
    %flag_get/vec4 4;
    %store/vec4 v0x14e139980_0, 0, 1;
T_14.5 ;
T_14.0 ;
    %jmp T_14;
    .thread T_14, $push;
    .scope S_0x14e11ba60;
T_15 ;
    %pushi/vec4 0, 0, 1;
    %store/vec4 v0x14e13b3c0_0, 0, 1;
T_15.0 ;
    %delay 5000, 0;
    %load/vec4 v0x14e13b3c0_0;
    %inv;
    %store/vec4 v0x14e13b3c0_0, 0, 1;
    %jmp T_15.0;
    %end;
    .thread T_15;
    .scope S_0x14e11ba60;
T_16 ;
    %pushi/vec4 0, 0, 1;
    %store/vec4 v0x14e13b4e0_0, 0, 1;
    %delay 20000, 0;
    %pushi/vec4 1, 0, 1;
    %store/vec4 v0x14e13b4e0_0, 0, 1;
    %end;
    .thread T_16;
    .scope S_0x14e11ba60;
T_17 ;
    %delay 2000000, 0;
    %vpi_call/w 3 35 "$display", "TIMEOUT: simulation did not halt" {0 0 0};
    %vpi_call/w 3 36 "$finish" {0 0 0};
    %end;
    .thread T_17;
    .scope S_0x14e11ba60;
T_18 ;
    %vpi_call/w 3 41 "$display", "Starting simulation..." {0 0 0};
    %vpi_call/w 3 42 "$monitor", "t=%0t | pc=%h | halted=%b", $time, v0x14e13a6e0_0, v0x14e13b450_0 {0 0 0};
    %end;
    .thread T_18;
    .scope S_0x14e11ba60;
T_19 ;
    %wait E_0x14e133720;
    %load/vec4 v0x14e13b450_0;
    %flag_set/vec4 8;
    %jmp/0xz  T_19.0, 8;
    %vpi_call/w 3 50 "$display", "\012CPU halted." {0 0 0};
    %vpi_call/w 3 51 "$display", "Register x1 = %0d (0x%08h)", &A<v0x14e137bd0, 1>, &A<v0x14e137bd0, 1> {0 0 0};
    %vpi_call/w 3 52 "$display", "Register x2 = %0d (0x%08h)", &A<v0x14e137bd0, 2>, &A<v0x14e137bd0, 2> {0 0 0};
    %vpi_call/w 3 53 "$display", "Register x3 = %0d (0x%08h)", &A<v0x14e137bd0, 3>, &A<v0x14e137bd0, 3> {0 0 0};
    %vpi_call/w 3 54 "$display", "Register x4 = %0d (0x%08h)", &A<v0x14e137bd0, 4>, &A<v0x14e137bd0, 4> {0 0 0};
    %vpi_call/w 3 55 "$display", "DMEM[0] = %0d (0x%08h)", &A<v0x14e133d00, 0>, &A<v0x14e133d00, 0> {0 0 0};
    %vpi_call/w 3 56 "$finish" {0 0 0};
T_19.0 ;
    %jmp T_19;
    .thread T_19;
    .scope S_0x14e11ba60;
T_20 ;
    %vpi_call/w 3 60 "$dumpfile", "dump.vcd" {0 0 0};
    %vpi_call/w 3 61 "$dumpvars", 32'sb00000000000000000000000000000000, S_0x14e11ba60 {0 0 0};
    %end;
    .thread T_20;
# The file index is used to find the file name in the following table.
:file_names 13;
    "N/A";
    "<interactive>";
    "-";
    "tb_cpu.sv";
    "cpu_top.sv";
    "alu.sv";
    "decoder.sv";
    "dmem.sv";
    "ex_wb_reg.sv";
    "hazard_unit.sv";
    "if_id_reg.sv";
    "imem.sv";
    "regfile.sv";
